30127.092 ********************************************************
30127.149 ** Session beginning Thursday November 27, 2025 05:10:58 AM **
30127.153 ** ExperimentBuilder Project : 631both **
30127.156 ** ExperimentBuilder Version : 2.5.90 **
30127.159 ** ExperimentBuilder Build   : Jun 25 2024 **
30127.162 ********************************************************
30127.166 TRACKER_TIME 0 228134.881
30510.640 DISPLAY_SCREEN DISPLAY_SCREEN (BEGIN) 
30521.641 DISPLAY_SCREEN DISPLAY_SCREEN
33297.534 keaybord[0] keaybord[0] keyCode:13 key: press:True
494572.684 TRACKER_TIME 1 692558.766
494572.885 Calibration_Dark Calibration_Dark
494600.931 instruction_page instruction_page (BEGIN) 
494615.356 instruction_page instruction_page
496685.668 keaybord[1] keaybord[1] keyCode:32 key:  press:True
496790.814 wait_display calibration_in_dark.bright.wait_display (BEGIN) 
496800.152 wait_display calibration_in_dark.bright.wait_display
525300.160 wait_timer calibration_in_dark.bright.wait_timer
525379.829 PLAY_SOUND calibration_in_dark.bright.PLAY_SOUND
526854.896 wait_timer[1] calibration_in_dark.bright.wait_timer[1]
526871.632 target calibration_in_dark.bright.target (BEGIN) 
526886.936 target calibration_in_dark.bright.target
531886.958 recording_timer calibration_in_dark.bright.recording_timer
531955.437 rest_page calibration_in_dark.rest_page (BEGIN) 
531973.678 rest_page calibration_in_dark.rest_page
539533.313 keaybord[0] calibration_in_dark.keaybord[0] keyCode:32 key:  press:True
539638.935 wait_display calibration_in_dark.dark.wait_display (BEGIN) 
539645.462 wait_display calibration_in_dark.dark.wait_display
568145.505 TRACKER_TIME 2 766128.633
568145.568 wait_timer calibration_in_dark.dark.wait_timer
568198.656 PLAY_SOUND calibration_in_dark.dark.PLAY_SOUND
569673.781 wait_timer[1] calibration_in_dark.dark.wait_timer[1]
569683.622 target calibration_in_dark.dark.target (BEGIN) 
569698.909 target calibration_in_dark.dark.target
574698.946 recording_timer calibration_in_dark.dark.recording_timer
574769.348 validation validation (BEGIN) 
574785.651 validation validation
578296.485 keaybord[2] keaybord[2] keyCode:32 key:  press:True
643400.561 TRACKER_TIME 3 841379.611
643400.644 Validation_Dark Validation_Dark
643427.272 DISPLAY_SCREEN[1] DISPLAY_SCREEN[1] (BEGIN) 
643431.536 DISPLAY_SCREEN[1] DISPLAY_SCREEN[1]
647077.456 keaybord[3] keaybord[3] keyCode:32 key:  press:True
706806.392 TRACKER_TIME 4 904782.461
706806.597 Validation_and_Calibration_Bright Validation_and_Calibration_Bright
706836.407 instruction_page[1] instruction_page[1] (BEGIN) 
706840.607 instruction_page[1] instruction_page[1]
709804.831 keaybord[4] keaybord[4] keyCode:32 key:  press:True
709911.205 wait_display calibration_in_bright.bright.wait_display (BEGIN) 
709926.026 wait_display calibration_in_bright.bright.wait_display
738426.051 wait_timer calibration_in_bright.bright.wait_timer
738475.937 PLAY_SOUND calibration_in_bright.bright.PLAY_SOUND
739951.079 wait_timer[1] calibration_in_bright.bright.wait_timer[1]
739964.625 target calibration_in_bright.bright.target (BEGIN) 
739979.453 target calibration_in_bright.bright.target
744979.501 recording_timer calibration_in_bright.bright.recording_timer
745048.709 rest_page calibration_in_bright.rest_page (BEGIN) 
745066.183 rest_page calibration_in_bright.rest_page
748724.788 keaybord[0] calibration_in_bright.keaybord[0] keyCode:32 key:  press:True
748830.663 wait_display calibration_in_bright.dark[1].wait_display (BEGIN) 
748835.432 wait_display calibration_in_bright.dark[1].wait_display
777335.419 TRACKER_TIME 5 975308.934
777335.482 wait_timer calibration_in_bright.dark[1].wait_timer
777394.367 PLAY_SOUND calibration_in_bright.dark[1].PLAY_SOUND
778869.467 wait_timer[1] calibration_in_bright.dark[1].wait_timer[1]
778873.625 target calibration_in_bright.dark[1].target (BEGIN) 
778888.799 target calibration_in_bright.dark[1].target
783888.852 recording_timer calibration_in_bright.dark[1].recording_timer
783959.135 end_page[2] end_page[2] (BEGIN) 
783975.549 end_page[2] end_page[2]
786569.296 keaybord[7] keaybord[7] keyCode:32 key:  press:True
817858.221 Validation_Bright Validation_Bright
817861.808 end_page[1] end_page[1] (BEGIN) 
817864.864 end_page[1] end_page[1]
828996.027 keaybord[5] keaybord[5] keyCode:32 key:  press:True
859993.750 TRACKER_TIME 6 1057962.766
859993.974 Validation_Dark2 Validation_Dark2
860021.387 end_page end_page (BEGIN) 
860026.388 end_page end_page
860644.128 keaybord[6] keaybord[6] keyCode:32 key:  press:True
el_logger: Quit logger.
******** END OF THE LOG FILE ********
