# INFO 2025-12-09 15:37:47,779
<WQBSession ['1797590122@qq.com']>.locate_field(...) [
    https://api.worldquantbrain.com/data-fields/open
]: 

# INFO 2025-12-09 15:37:47,783
================================================================================

# INFO 2025-12-09 15:37:47,784
[MULTI-SIMULATION MODE] 以下是multi simulation的记录，你的设计是1个multi simulation中有8个alpha，因此需将实际回测数乘以该乘数，才得到实际已完成的Alpha个数。

# INFO 2025-12-09 15:37:47,784
================================================================================

# INFO 2025-12-09 15:37:47,791
<WQBSession ['1797590122@qq.com']>.concurrent_simulate(...) [start 95, 8]: 

# INFO 2025-12-09 15:43:42,346
<WQBSession ['1797590122@qq.com']>.simulate(...) [
    https://api.worldquantbrain.com/simulations/XHyVf9Gm4L09EmFVnXeYzF
]: 10/95 = 10%

# INFO 2025-12-09 15:46:19,924
<WQBSession ['1797590122@qq.com']>.simulate(...) [
    https://api.worldquantbrain.com/simulations/3N2ME59dF4KHbaM14l7YBo1o
]: 20/95 = 21%

# INFO 2025-12-09 15:50:09,956
<WQBSession ['1797590122@qq.com']>.simulate(...) [
    https://api.worldquantbrain.com/simulations/zRvkEcQP4C99ry1dKCSqxPO
]: 30/95 = 31%

# INFO 2025-12-09 15:54:18,083
<WQBSession ['1797590122@qq.com']>.simulate(...) [
    https://api.worldquantbrain.com/simulations/6QFsW2qh4zZab2fbBwMmUO
]: 40/95 = 42%

# INFO 2025-12-09 15:57:13,558
<WQBSession ['1797590122@qq.com']>.simulate(...) [
    https://api.worldquantbrain.com/simulations/3abCNZ6oW4YRcDjrLIjyOcp
]: 50/95 = 52%

# INFO 2025-12-09 16:00:42,668
<WQBSession ['1797590122@qq.com']>.simulate(...) [
    https://api.worldquantbrain.com/simulations/4rjIiDdJc5jBbNX2XANzXF7
]: 60/95 = 63%

# INFO 2025-12-09 16:05:56,840
<WQBSession ['1797590122@qq.com']>.simulate(...) [
    https://api.worldquantbrain.com/simulations/44OGFQfD14RUaxus8wHRNjs
]: 70/95 = 73%

# INFO 2025-12-09 16:09:30,967
<WQBSession ['1797590122@qq.com']>.simulate(...) [
    https://api.worldquantbrain.com/simulations/4Gpc0y1004GaahSO5FVprAG
]: 80/95 = 84%

# INFO 2025-12-09 16:14:11,828
<WQBSession ['1797590122@qq.com']>.simulate(...) [
    https://api.worldquantbrain.com/simulations/35Di4odyc4T0aTw1eQC0eEJT
]: 90/95 = 94%

# INFO 2025-12-09 16:14:52,543
<WQBSession ['1797590122@qq.com']>.concurrent_simulate(...) [finish 95, 8]: 

