# INFO 2025-12-12 16:20:38,510
<WQBSession ['1797590122@qq.com']>.locate_field(...) [
    https://api.worldquantbrain.com/data-fields/open
]: 

# INFO 2025-12-12 16:20:38,510
================================================================================

# INFO 2025-12-12 16:20:38,510
[MULTI-SIMULATION MODE] 以下是multi simulation的记录，你的设计是1个multi simulation中有6个alpha，因此需将实际回测数乘以该乘数，才得到实际已完成的Alpha个数。

# INFO 2025-12-12 16:20:38,511
================================================================================

# INFO 2025-12-12 16:20:38,512
<WQBSession ['1797590122@qq.com']>.concurrent_simulate(...) [start 50, 6]: 

# INFO 2025-12-12 16:20:59,958
<WQBSession ['1797590122@qq.com']>.simulate(...) [
    https://api.worldquantbrain.com/simulations/XRaYb4Cq4xwblGwqL5RMun
]: 10/50 = 20%

# INFO 2025-12-12 16:21:12,459
<WQBSession ['1797590122@qq.com']>.simulate(...) [
    https://api.worldquantbrain.com/simulations/3SMhJu1Be4GTa061g8oMwPQX
]: 20/50 = 40%

# INFO 2025-12-12 16:21:28,808
<WQBSession ['1797590122@qq.com']>.simulate(...) [
    https://api.worldquantbrain.com/simulations/25oLqC4Mf4Bd9x4GxIKeYLj
]: 30/50 = 60%

# INFO 2025-12-12 16:21:41,520
<WQBSession ['1797590122@qq.com']>.simulate(...) [
    https://api.worldquantbrain.com/simulations/49gMV36jh51Q9kUjMVkuBGT
]: 40/50 = 80%

# INFO 2025-12-12 16:31:14,832
<WQBSession ['1797590122@qq.com']>.simulate(...) [
    https://api.worldquantbrain.com/simulations/320Rhx4Zb53ZaTqDCEM4fyA
]: 50/50 = 100%

# INFO 2025-12-12 16:31:14,832
<WQBSession ['1797590122@qq.com']>.concurrent_simulate(...) [finish 50, 6]: 

