# INFO 2025-12-10 00:48:39,719
<WQBSession ['1797590122@qq.com']>.locate_field(...) [
    https://api.worldquantbrain.com/data-fields/open
]: 

# INFO 2025-12-10 00:48:39,719
================================================================================

# INFO 2025-12-10 00:48:39,719
[MULTI-SIMULATION MODE] 以下是multi simulation的记录，你的设计是1个multi simulation中有6个alpha，因此需将实际回测数乘以该乘数，才得到实际已完成的Alpha个数。

# INFO 2025-12-10 00:48:39,719
================================================================================

# INFO 2025-12-10 00:48:39,720
<WQBSession ['1797590122@qq.com']>.concurrent_simulate(...) [start 126, 6]: 

# INFO 2025-12-10 00:55:28,992
<WQBSession ['1797590122@qq.com']>.simulate(...) [
    https://api.worldquantbrain.com/simulations/poDhTfwM4IY9oZciy6CVRw
]: 10/126 = 7%

# INFO 2025-12-10 00:57:46,164
<WQBSession ['1797590122@qq.com']>.simulate(...) [
    https://api.worldquantbrain.com/simulations/3UfeY49Z4n08xubtXqCiQk
]: 20/126 = 15%

# INFO 2025-12-10 01:02:32,674
<WQBSession ['1797590122@qq.com']>.simulate(...) [
    https://api.worldquantbrain.com/simulations/370yC73r957obzSOJwalyjT
]: 30/126 = 23%

# INFO 2025-12-10 01:08:24,284
<WQBSession ['1797590122@qq.com']>.simulate(...) [
    https://api.worldquantbrain.com/simulations/4uPPDabwR53DbSc2jf0pECL
]: 40/126 = 31%

# INFO 2025-12-10 01:14:07,306
<WQBSession ['1797590122@qq.com']>.simulate(...) [
    https://api.worldquantbrain.com/simulations/2NBKaC17n4yD96zSeQGz6hw
]: 50/126 = 39%

# INFO 2025-12-10 01:18:35,842
<WQBSession ['1797590122@qq.com']>.simulate(...) [
    https://api.worldquantbrain.com/simulations/1vBcFgfld4oKaytxwEzwWNk
]: 60/126 = 47%

# INFO 2025-12-10 01:24:05,991
<WQBSession ['1797590122@qq.com']>.simulate(...) [
    https://api.worldquantbrain.com/simulations/4BTkfa2xN5iwbpErpZlBGTD
]: 70/126 = 55%

# INFO 2025-12-10 01:32:24,052
<WQBSession ['1797590122@qq.com']>.simulate(...) [
    https://api.worldquantbrain.com/simulations/3QbVXRdx4yeaQD16fWYu1jH
]: 80/126 = 63%

# INFO 2025-12-10 01:42:17,173
<WQBSession ['1797590122@qq.com']>.simulate(...) [
    https://api.worldquantbrain.com/simulations/46UKWlbh34labFyoSxhN7cR
]: 90/126 = 71%

# INFO 2025-12-10 01:46:23,359
<WQBSession ['1797590122@qq.com']>.simulate(...) [
    https://api.worldquantbrain.com/simulations/WtYvr2NQ4usaihqJ2Fhzrf
]: 100/126 = 79%

# INFO 2025-12-10 01:51:44,660
<WQBSession ['1797590122@qq.com']>.simulate(...) [
    https://api.worldquantbrain.com/simulations/2K4afaWJ4XWaSDaocTFVWR
]: 110/126 = 87%

# INFO 2025-12-10 01:57:29,399
<WQBSession ['1797590122@qq.com']>.simulate(...) [
    https://api.worldquantbrain.com/simulations/2ekyMdf14lb9KI19XeOvNM8
]: 120/126 = 95%

# INFO 2025-12-10 02:00:05,326
<WQBSession ['1797590122@qq.com']>.concurrent_simulate(...) [finish 126, 6]: 

