
*** Hello from MAIN ***

*** main calling cambox_init_basics

pcols, pver               =    1    1
pcnst, gas_pcnst, imozart =   35   30    6


cambox_init_basics calling modal_aero_register

cambox_init_basics calling modal_aero_calcsize_reg

cambox_init_basics calling modal_aero_wateruptake_reg

cambox_init_basics calling cambox_pbuf_init pbuf_init_time

cambox_init_basics calling modal_aero_initialize

cambox_init_basics calling modal_aero_wateruptake_init

cambox_init_basics all done

*** main calling cambox_init_run

cambox_init_run all done

*** main calling cambox_do_run

l_h2so4g, l_so2g,   l_nh3g      7    8   -1
l_num_a1, l_so4_a1, l_nh4_a1   18   11 -999
l_num_a2, l_so4_a2, l_nh4_a2   23   19 -999

cambox_do_run doing calcsize, istep=       1
calcsize tend = 0 for all species

cambox_do_run doing wateruptake, istep=       1

cambox_do_run doing gaschem simple, istep=       1

cambox_do_run doing cloudchem simple, istep=       1

cambox_do_run doing gasaerexch, istep=       1
 so4 transfer from Primary carbon mode (coagulated from Aitken mode) to Accumulation mode due to aging:    0.0000000000000000     
 so4 transfer from Primary carbon mode (condensed H2SO4) to Accumulation mode due to aging:    0.0000000000000000     

cambox_do_run step done, istep=       1

cambox_do_run doing calcsize, istep=       2
calcsize tend = 0 for all species

cambox_do_run doing wateruptake, istep=       2

cambox_do_run doing gaschem simple, istep=       2

cambox_do_run doing cloudchem simple, istep=       2

cambox_do_run doing gasaerexch, istep=       2
 so4 transfer from Primary carbon mode (coagulated from Aitken mode) to Accumulation mode due to aging:    0.0000000000000000     
 so4 transfer from Primary carbon mode (condensed H2SO4) to Accumulation mode due to aging:    0.0000000000000000     

cambox_do_run step done, istep=       2

cambox_do_run doing calcsize, istep=       3
calcsize tend = 0 for all species

cambox_do_run doing wateruptake, istep=       3

cambox_do_run doing gaschem simple, istep=       3

cambox_do_run doing cloudchem simple, istep=       3

cambox_do_run doing gasaerexch, istep=       3
 so4 transfer from Primary carbon mode (coagulated from Aitken mode) to Accumulation mode due to aging:    0.0000000000000000     
 so4 transfer from Primary carbon mode (condensed H2SO4) to Accumulation mode due to aging:    0.0000000000000000     

cambox_do_run step done, istep=       3

cambox_do_run doing calcsize, istep=       4
calcsize tend = 0 for all species

cambox_do_run doing wateruptake, istep=       4

cambox_do_run doing gaschem simple, istep=       4

cambox_do_run doing cloudchem simple, istep=       4

cambox_do_run doing gasaerexch, istep=       4
 so4 transfer from Primary carbon mode (coagulated from Aitken mode) to Accumulation mode due to aging:    0.0000000000000000     
 so4 transfer from Primary carbon mode (condensed H2SO4) to Accumulation mode due to aging:    0.0000000000000000     

cambox_do_run step done, istep=       4

cambox_do_run doing calcsize, istep=       5
calcsize tend = 0 for all species

cambox_do_run doing wateruptake, istep=       5

cambox_do_run doing gaschem simple, istep=       5

cambox_do_run doing cloudchem simple, istep=       5

cambox_do_run doing gasaerexch, istep=       5
 so4 transfer from Primary carbon mode (coagulated from Aitken mode) to Accumulation mode due to aging:    0.0000000000000000     
 so4 transfer from Primary carbon mode (condensed H2SO4) to Accumulation mode due to aging:    0.0000000000000000     

cambox_do_run step done, istep=       5

cambox_do_run doing calcsize, istep=       6
calcsize tend = 0 for all species

cambox_do_run doing wateruptake, istep=       6

cambox_do_run doing gaschem simple, istep=       6

cambox_do_run doing cloudchem simple, istep=       6

cambox_do_run doing gasaerexch, istep=       6
 so4 transfer from Primary carbon mode (coagulated from Aitken mode) to Accumulation mode due to aging:    0.0000000000000000     
 so4 transfer from Primary carbon mode (condensed H2SO4) to Accumulation mode due to aging:    0.0000000000000000     

cambox_do_run step done, istep=       6

cambox_do_run doing calcsize, istep=       7
calcsize tend = 0 for all species

cambox_do_run doing wateruptake, istep=       7

cambox_do_run doing gaschem simple, istep=       7

cambox_do_run doing cloudchem simple, istep=       7

cambox_do_run doing gasaerexch, istep=       7
 so4 transfer from Primary carbon mode (coagulated from Aitken mode) to Accumulation mode due to aging:    0.0000000000000000     
 so4 transfer from Primary carbon mode (condensed H2SO4) to Accumulation mode due to aging:    0.0000000000000000     

cambox_do_run step done, istep=       7

cambox_do_run doing calcsize, istep=       8
calcsize tend = 0 for all species

cambox_do_run doing wateruptake, istep=       8

cambox_do_run doing gaschem simple, istep=       8

cambox_do_run doing cloudchem simple, istep=       8

cambox_do_run doing gasaerexch, istep=       8
 so4 transfer from Primary carbon mode (coagulated from Aitken mode) to Accumulation mode due to aging:    0.0000000000000000     
 so4 transfer from Primary carbon mode (condensed H2SO4) to Accumulation mode due to aging:    0.0000000000000000     

cambox_do_run step done, istep=       8

cambox_do_run doing calcsize, istep=       9
calcsize tend = 0 for all species

cambox_do_run doing wateruptake, istep=       9

cambox_do_run doing gaschem simple, istep=       9

cambox_do_run doing cloudchem simple, istep=       9

cambox_do_run doing gasaerexch, istep=       9
 so4 transfer from Primary carbon mode (coagulated from Aitken mode) to Accumulation mode due to aging:    0.0000000000000000     
 so4 transfer from Primary carbon mode (condensed H2SO4) to Accumulation mode due to aging:    0.0000000000000000     

cambox_do_run step done, istep=       9

cambox_do_run doing calcsize, istep=      10
calcsize tend = 0 for all species

cambox_do_run doing wateruptake, istep=      10

cambox_do_run doing gaschem simple, istep=      10

cambox_do_run doing cloudchem simple, istep=      10

cambox_do_run doing gasaerexch, istep=      10
 so4 transfer from Primary carbon mode (coagulated from Aitken mode) to Accumulation mode due to aging:    0.0000000000000000     
 so4 transfer from Primary carbon mode (condensed H2SO4) to Accumulation mode due to aging:    0.0000000000000000     

cambox_do_run step done, istep=      10

cambox_do_run doing calcsize, istep=      11
calcsize tend = 0 for all species

cambox_do_run doing wateruptake, istep=      11

cambox_do_run doing gaschem simple, istep=      11

cambox_do_run doing cloudchem simple, istep=      11

cambox_do_run doing gasaerexch, istep=      11
 so4 transfer from Primary carbon mode (coagulated from Aitken mode) to Accumulation mode due to aging:    0.0000000000000000     
 so4 transfer from Primary carbon mode (condensed H2SO4) to Accumulation mode due to aging:    0.0000000000000000     

cambox_do_run step done, istep=      11

cambox_do_run doing calcsize, istep=      12
calcsize tend = 0 for all species

cambox_do_run doing wateruptake, istep=      12

cambox_do_run doing gaschem simple, istep=      12

cambox_do_run doing cloudchem simple, istep=      12

cambox_do_run doing gasaerexch, istep=      12
 so4 transfer from Primary carbon mode (coagulated from Aitken mode) to Accumulation mode due to aging:    0.0000000000000000     
 so4 transfer from Primary carbon mode (condensed H2SO4) to Accumulation mode due to aging:    0.0000000000000000     

cambox_do_run step done, istep=      12

cambox_do_run doing calcsize, istep=      13
calcsize tend = 0 for all species

cambox_do_run doing wateruptake, istep=      13

cambox_do_run doing gaschem simple, istep=      13

cambox_do_run doing cloudchem simple, istep=      13

cambox_do_run doing gasaerexch, istep=      13
 so4 transfer from Primary carbon mode (coagulated from Aitken mode) to Accumulation mode due to aging:    0.0000000000000000     
 so4 transfer from Primary carbon mode (condensed H2SO4) to Accumulation mode due to aging:    0.0000000000000000     

cambox_do_run step done, istep=      13

cambox_do_run doing calcsize, istep=      14
calcsize tend = 0 for all species

cambox_do_run doing wateruptake, istep=      14

cambox_do_run doing gaschem simple, istep=      14

cambox_do_run doing cloudchem simple, istep=      14

cambox_do_run doing gasaerexch, istep=      14
 so4 transfer from Primary carbon mode (coagulated from Aitken mode) to Accumulation mode due to aging:    0.0000000000000000     
 so4 transfer from Primary carbon mode (condensed H2SO4) to Accumulation mode due to aging:    0.0000000000000000     

cambox_do_run step done, istep=      14

cambox_do_run doing calcsize, istep=      15
calcsize tend = 0 for all species

cambox_do_run doing wateruptake, istep=      15

cambox_do_run doing gaschem simple, istep=      15

cambox_do_run doing cloudchem simple, istep=      15

cambox_do_run doing gasaerexch, istep=      15
 so4 transfer from Primary carbon mode (coagulated from Aitken mode) to Accumulation mode due to aging:    0.0000000000000000     
 so4 transfer from Primary carbon mode (condensed H2SO4) to Accumulation mode due to aging:    0.0000000000000000     

cambox_do_run step done, istep=      15

cambox_do_run doing calcsize, istep=      16
calcsize tend = 0 for all species

cambox_do_run doing wateruptake, istep=      16

cambox_do_run doing gaschem simple, istep=      16

cambox_do_run doing cloudchem simple, istep=      16

cambox_do_run doing gasaerexch, istep=      16
 so4 transfer from Primary carbon mode (coagulated from Aitken mode) to Accumulation mode due to aging:    0.0000000000000000     
 so4 transfer from Primary carbon mode (condensed H2SO4) to Accumulation mode due to aging:    0.0000000000000000     

cambox_do_run step done, istep=      16

cambox_do_run doing calcsize, istep=      17
calcsize tend = 0 for all species

cambox_do_run doing wateruptake, istep=      17

cambox_do_run doing gaschem simple, istep=      17

cambox_do_run doing cloudchem simple, istep=      17

cambox_do_run doing gasaerexch, istep=      17
 so4 transfer from Primary carbon mode (coagulated from Aitken mode) to Accumulation mode due to aging:    0.0000000000000000     
 so4 transfer from Primary carbon mode (condensed H2SO4) to Accumulation mode due to aging:    0.0000000000000000     

cambox_do_run step done, istep=      17

cambox_do_run doing calcsize, istep=      18
calcsize tend = 0 for all species

cambox_do_run doing wateruptake, istep=      18

cambox_do_run doing gaschem simple, istep=      18

cambox_do_run doing cloudchem simple, istep=      18

cambox_do_run doing gasaerexch, istep=      18
 so4 transfer from Primary carbon mode (coagulated from Aitken mode) to Accumulation mode due to aging:    0.0000000000000000     
 so4 transfer from Primary carbon mode (condensed H2SO4) to Accumulation mode due to aging:    0.0000000000000000     

cambox_do_run step done, istep=      18

cambox_do_run doing calcsize, istep=      19
calcsize tend = 0 for all species

cambox_do_run doing wateruptake, istep=      19

cambox_do_run doing gaschem simple, istep=      19

cambox_do_run doing cloudchem simple, istep=      19

cambox_do_run doing gasaerexch, istep=      19
 so4 transfer from Primary carbon mode (coagulated from Aitken mode) to Accumulation mode due to aging:    0.0000000000000000     
 so4 transfer from Primary carbon mode (condensed H2SO4) to Accumulation mode due to aging:    0.0000000000000000     

cambox_do_run step done, istep=      19

cambox_do_run doing calcsize, istep=      20
calcsize tend = 0 for all species

cambox_do_run doing wateruptake, istep=      20

cambox_do_run doing gaschem simple, istep=      20

cambox_do_run doing cloudchem simple, istep=      20

cambox_do_run doing gasaerexch, istep=      20
 so4 transfer from Primary carbon mode (coagulated from Aitken mode) to Accumulation mode due to aging:    0.0000000000000000     
 so4 transfer from Primary carbon mode (condensed H2SO4) to Accumulation mode due to aging:    0.0000000000000000     

cambox_do_run step done, istep=      20

cambox_do_run doing calcsize, istep=      21
calcsize tend = 0 for all species

cambox_do_run doing wateruptake, istep=      21

cambox_do_run doing gaschem simple, istep=      21

cambox_do_run doing cloudchem simple, istep=      21

cambox_do_run doing gasaerexch, istep=      21
 so4 transfer from Primary carbon mode (coagulated from Aitken mode) to Accumulation mode due to aging:    0.0000000000000000     
 so4 transfer from Primary carbon mode (condensed H2SO4) to Accumulation mode due to aging:    0.0000000000000000     

cambox_do_run step done, istep=      21

cambox_do_run doing calcsize, istep=      22
calcsize tend = 0 for all species

cambox_do_run doing wateruptake, istep=      22

cambox_do_run doing gaschem simple, istep=      22

cambox_do_run doing cloudchem simple, istep=      22

cambox_do_run doing gasaerexch, istep=      22
 so4 transfer from Primary carbon mode (coagulated from Aitken mode) to Accumulation mode due to aging:    0.0000000000000000     
 so4 transfer from Primary carbon mode (condensed H2SO4) to Accumulation mode due to aging:    0.0000000000000000     

cambox_do_run step done, istep=      22

cambox_do_run doing calcsize, istep=      23
calcsize tend = 0 for all species

cambox_do_run doing wateruptake, istep=      23

cambox_do_run doing gaschem simple, istep=      23

cambox_do_run doing cloudchem simple, istep=      23

cambox_do_run doing gasaerexch, istep=      23
 so4 transfer from Primary carbon mode (coagulated from Aitken mode) to Accumulation mode due to aging:    0.0000000000000000     
 so4 transfer from Primary carbon mode (condensed H2SO4) to Accumulation mode due to aging:    0.0000000000000000     

cambox_do_run step done, istep=      23

cambox_do_run doing calcsize, istep=      24
calcsize tend = 0 for all species

cambox_do_run doing wateruptake, istep=      24

cambox_do_run doing gaschem simple, istep=      24

cambox_do_run doing cloudchem simple, istep=      24

cambox_do_run doing gasaerexch, istep=      24
 so4 transfer from Primary carbon mode (coagulated from Aitken mode) to Accumulation mode due to aging:    0.0000000000000000     
 so4 transfer from Primary carbon mode (condensed H2SO4) to Accumulation mode due to aging:    0.0000000000000000     

cambox_do_run step done, istep=      24

cambox_do_run doing calcsize, istep=      25
calcsize tend = 0 for all species

cambox_do_run doing wateruptake, istep=      25

cambox_do_run doing gaschem simple, istep=      25

cambox_do_run doing cloudchem simple, istep=      25

cambox_do_run doing gasaerexch, istep=      25
 so4 transfer from Primary carbon mode (coagulated from Aitken mode) to Accumulation mode due to aging:    0.0000000000000000     
 so4 transfer from Primary carbon mode (condensed H2SO4) to Accumulation mode due to aging:    0.0000000000000000     

cambox_do_run step done, istep=      25

cambox_do_run doing calcsize, istep=      26
calcsize tend = 0 for all species

cambox_do_run doing wateruptake, istep=      26

cambox_do_run doing gaschem simple, istep=      26

cambox_do_run doing cloudchem simple, istep=      26

cambox_do_run doing gasaerexch, istep=      26
 so4 transfer from Primary carbon mode (coagulated from Aitken mode) to Accumulation mode due to aging:    0.0000000000000000     
 so4 transfer from Primary carbon mode (condensed H2SO4) to Accumulation mode due to aging:    0.0000000000000000     

cambox_do_run step done, istep=      26

cambox_do_run doing calcsize, istep=      27
calcsize tend = 0 for all species

cambox_do_run doing wateruptake, istep=      27

cambox_do_run doing gaschem simple, istep=      27

cambox_do_run doing cloudchem simple, istep=      27

cambox_do_run doing gasaerexch, istep=      27
 so4 transfer from Primary carbon mode (coagulated from Aitken mode) to Accumulation mode due to aging:    0.0000000000000000     
 so4 transfer from Primary carbon mode (condensed H2SO4) to Accumulation mode due to aging:    0.0000000000000000     

cambox_do_run step done, istep=      27

cambox_do_run doing calcsize, istep=      28
calcsize tend = 0 for all species

cambox_do_run doing wateruptake, istep=      28

cambox_do_run doing gaschem simple, istep=      28

cambox_do_run doing cloudchem simple, istep=      28

cambox_do_run doing gasaerexch, istep=      28
 so4 transfer from Primary carbon mode (coagulated from Aitken mode) to Accumulation mode due to aging:    0.0000000000000000     
 so4 transfer from Primary carbon mode (condensed H2SO4) to Accumulation mode due to aging:    0.0000000000000000     

cambox_do_run step done, istep=      28

cambox_do_run doing calcsize, istep=      29
calcsize tend = 0 for all species

cambox_do_run doing wateruptake, istep=      29

cambox_do_run doing gaschem simple, istep=      29

cambox_do_run doing cloudchem simple, istep=      29

cambox_do_run doing gasaerexch, istep=      29
 so4 transfer from Primary carbon mode (coagulated from Aitken mode) to Accumulation mode due to aging:    0.0000000000000000     
 so4 transfer from Primary carbon mode (condensed H2SO4) to Accumulation mode due to aging:    0.0000000000000000     

cambox_do_run step done, istep=      29

cambox_do_run doing calcsize, istep=      30
calcsize tend = 0 for all species

cambox_do_run doing wateruptake, istep=      30

cambox_do_run doing gaschem simple, istep=      30

cambox_do_run doing cloudchem simple, istep=      30

cambox_do_run doing gasaerexch, istep=      30
 so4 transfer from Primary carbon mode (coagulated from Aitken mode) to Accumulation mode due to aging:    0.0000000000000000     
 so4 transfer from Primary carbon mode (condensed H2SO4) to Accumulation mode due to aging:    0.0000000000000000     

cambox_do_run step done, istep=      30

cambox_do_run doing calcsize, istep=      31
calcsize tend = 0 for all species

cambox_do_run doing wateruptake, istep=      31

cambox_do_run doing gaschem simple, istep=      31

cambox_do_run doing cloudchem simple, istep=      31

cambox_do_run doing gasaerexch, istep=      31
 so4 transfer from Primary carbon mode (coagulated from Aitken mode) to Accumulation mode due to aging:    0.0000000000000000     
 so4 transfer from Primary carbon mode (condensed H2SO4) to Accumulation mode due to aging:    0.0000000000000000     

cambox_do_run step done, istep=      31

cambox_do_run doing calcsize, istep=      32
calcsize tend = 0 for all species

cambox_do_run doing wateruptake, istep=      32

cambox_do_run doing gaschem simple, istep=      32

cambox_do_run doing cloudchem simple, istep=      32

cambox_do_run doing gasaerexch, istep=      32
 so4 transfer from Primary carbon mode (coagulated from Aitken mode) to Accumulation mode due to aging:    0.0000000000000000     
 so4 transfer from Primary carbon mode (condensed H2SO4) to Accumulation mode due to aging:    0.0000000000000000     

cambox_do_run step done, istep=      32

cambox_do_run doing calcsize, istep=      33
calcsize tend = 0 for all species

cambox_do_run doing wateruptake, istep=      33

cambox_do_run doing gaschem simple, istep=      33

cambox_do_run doing cloudchem simple, istep=      33

cambox_do_run doing gasaerexch, istep=      33
 so4 transfer from Primary carbon mode (coagulated from Aitken mode) to Accumulation mode due to aging:    0.0000000000000000     
 so4 transfer from Primary carbon mode (condensed H2SO4) to Accumulation mode due to aging:    0.0000000000000000     

cambox_do_run step done, istep=      33

cambox_do_run doing calcsize, istep=      34
calcsize tend = 0 for all species

cambox_do_run doing wateruptake, istep=      34

cambox_do_run doing gaschem simple, istep=      34

cambox_do_run doing cloudchem simple, istep=      34

cambox_do_run doing gasaerexch, istep=      34
 so4 transfer from Primary carbon mode (coagulated from Aitken mode) to Accumulation mode due to aging:    0.0000000000000000     
 so4 transfer from Primary carbon mode (condensed H2SO4) to Accumulation mode due to aging:    0.0000000000000000     

cambox_do_run step done, istep=      34

cambox_do_run doing calcsize, istep=      35
calcsize tend = 0 for all species

cambox_do_run doing wateruptake, istep=      35

cambox_do_run doing gaschem simple, istep=      35

cambox_do_run doing cloudchem simple, istep=      35

cambox_do_run doing gasaerexch, istep=      35
 so4 transfer from Primary carbon mode (coagulated from Aitken mode) to Accumulation mode due to aging:    0.0000000000000000     
 so4 transfer from Primary carbon mode (condensed H2SO4) to Accumulation mode due to aging:    0.0000000000000000     

cambox_do_run step done, istep=      35

cambox_do_run doing calcsize, istep=      36
calcsize tend = 0 for all species

cambox_do_run doing wateruptake, istep=      36

cambox_do_run doing gaschem simple, istep=      36

cambox_do_run doing cloudchem simple, istep=      36

cambox_do_run doing gasaerexch, istep=      36
 so4 transfer from Primary carbon mode (coagulated from Aitken mode) to Accumulation mode due to aging:    0.0000000000000000     
 so4 transfer from Primary carbon mode (condensed H2SO4) to Accumulation mode due to aging:    0.0000000000000000     

cambox_do_run step done, istep=      36

cambox_do_run doing calcsize, istep=      37
calcsize tend = 0 for all species

cambox_do_run doing wateruptake, istep=      37

cambox_do_run doing gaschem simple, istep=      37

cambox_do_run doing cloudchem simple, istep=      37

cambox_do_run doing gasaerexch, istep=      37
 so4 transfer from Primary carbon mode (coagulated from Aitken mode) to Accumulation mode due to aging:    0.0000000000000000     
 so4 transfer from Primary carbon mode (condensed H2SO4) to Accumulation mode due to aging:    0.0000000000000000     

cambox_do_run step done, istep=      37

cambox_do_run doing calcsize, istep=      38
calcsize tend = 0 for all species

cambox_do_run doing wateruptake, istep=      38

cambox_do_run doing gaschem simple, istep=      38

cambox_do_run doing cloudchem simple, istep=      38

cambox_do_run doing gasaerexch, istep=      38
 so4 transfer from Primary carbon mode (coagulated from Aitken mode) to Accumulation mode due to aging:    0.0000000000000000     
 so4 transfer from Primary carbon mode (condensed H2SO4) to Accumulation mode due to aging:    0.0000000000000000     

cambox_do_run step done, istep=      38

cambox_do_run doing calcsize, istep=      39
calcsize tend = 0 for all species

cambox_do_run doing wateruptake, istep=      39

cambox_do_run doing gaschem simple, istep=      39

cambox_do_run doing cloudchem simple, istep=      39

cambox_do_run doing gasaerexch, istep=      39
 so4 transfer from Primary carbon mode (coagulated from Aitken mode) to Accumulation mode due to aging:    0.0000000000000000     
 so4 transfer from Primary carbon mode (condensed H2SO4) to Accumulation mode due to aging:    0.0000000000000000     

cambox_do_run step done, istep=      39

cambox_do_run doing calcsize, istep=      40
calcsize tend = 0 for all species

cambox_do_run doing wateruptake, istep=      40

cambox_do_run doing gaschem simple, istep=      40

cambox_do_run doing cloudchem simple, istep=      40

cambox_do_run doing gasaerexch, istep=      40
 so4 transfer from Primary carbon mode (coagulated from Aitken mode) to Accumulation mode due to aging:    0.0000000000000000     
 so4 transfer from Primary carbon mode (condensed H2SO4) to Accumulation mode due to aging:    0.0000000000000000     

cambox_do_run step done, istep=      40

cambox_do_run doing calcsize, istep=      41
calcsize tend = 0 for all species

cambox_do_run doing wateruptake, istep=      41

cambox_do_run doing gaschem simple, istep=      41

cambox_do_run doing cloudchem simple, istep=      41

cambox_do_run doing gasaerexch, istep=      41
 so4 transfer from Primary carbon mode (coagulated from Aitken mode) to Accumulation mode due to aging:    0.0000000000000000     
 so4 transfer from Primary carbon mode (condensed H2SO4) to Accumulation mode due to aging:    0.0000000000000000     

cambox_do_run step done, istep=      41

cambox_do_run doing calcsize, istep=      42
calcsize tend = 0 for all species

cambox_do_run doing wateruptake, istep=      42

cambox_do_run doing gaschem simple, istep=      42

cambox_do_run doing cloudchem simple, istep=      42

cambox_do_run doing gasaerexch, istep=      42
 so4 transfer from Primary carbon mode (coagulated from Aitken mode) to Accumulation mode due to aging:    0.0000000000000000     
 so4 transfer from Primary carbon mode (condensed H2SO4) to Accumulation mode due to aging:    0.0000000000000000     

cambox_do_run step done, istep=      42

cambox_do_run doing calcsize, istep=      43
calcsize tend = 0 for all species

cambox_do_run doing wateruptake, istep=      43

cambox_do_run doing gaschem simple, istep=      43

cambox_do_run doing cloudchem simple, istep=      43

cambox_do_run doing gasaerexch, istep=      43
 so4 transfer from Primary carbon mode (coagulated from Aitken mode) to Accumulation mode due to aging:    0.0000000000000000     
 so4 transfer from Primary carbon mode (condensed H2SO4) to Accumulation mode due to aging:    0.0000000000000000     

cambox_do_run step done, istep=      43

cambox_do_run doing calcsize, istep=      44
calcsize tend = 0 for all species

cambox_do_run doing wateruptake, istep=      44

cambox_do_run doing gaschem simple, istep=      44

cambox_do_run doing cloudchem simple, istep=      44

cambox_do_run doing gasaerexch, istep=      44
 so4 transfer from Primary carbon mode (coagulated from Aitken mode) to Accumulation mode due to aging:    0.0000000000000000     
 so4 transfer from Primary carbon mode (condensed H2SO4) to Accumulation mode due to aging:    0.0000000000000000     

cambox_do_run step done, istep=      44

cambox_do_run doing calcsize, istep=      45
calcsize tend = 0 for all species

cambox_do_run doing wateruptake, istep=      45

cambox_do_run doing gaschem simple, istep=      45

cambox_do_run doing cloudchem simple, istep=      45

cambox_do_run doing gasaerexch, istep=      45
 so4 transfer from Primary carbon mode (coagulated from Aitken mode) to Accumulation mode due to aging:    0.0000000000000000     
 so4 transfer from Primary carbon mode (condensed H2SO4) to Accumulation mode due to aging:    0.0000000000000000     

cambox_do_run step done, istep=      45

cambox_do_run doing calcsize, istep=      46
calcsize tend = 0 for all species

cambox_do_run doing wateruptake, istep=      46

cambox_do_run doing gaschem simple, istep=      46

cambox_do_run doing cloudchem simple, istep=      46

cambox_do_run doing gasaerexch, istep=      46
 so4 transfer from Primary carbon mode (coagulated from Aitken mode) to Accumulation mode due to aging:    0.0000000000000000     
 so4 transfer from Primary carbon mode (condensed H2SO4) to Accumulation mode due to aging:    0.0000000000000000     

cambox_do_run step done, istep=      46

cambox_do_run doing calcsize, istep=      47
calcsize tend = 0 for all species

cambox_do_run doing wateruptake, istep=      47

cambox_do_run doing gaschem simple, istep=      47

cambox_do_run doing cloudchem simple, istep=      47

cambox_do_run doing gasaerexch, istep=      47
 so4 transfer from Primary carbon mode (coagulated from Aitken mode) to Accumulation mode due to aging:    0.0000000000000000     
 so4 transfer from Primary carbon mode (condensed H2SO4) to Accumulation mode due to aging:    0.0000000000000000     

cambox_do_run step done, istep=      47

cambox_do_run doing calcsize, istep=      48
calcsize tend = 0 for all species

cambox_do_run doing wateruptake, istep=      48

cambox_do_run doing gaschem simple, istep=      48

cambox_do_run doing cloudchem simple, istep=      48

cambox_do_run doing gasaerexch, istep=      48
 so4 transfer from Primary carbon mode (coagulated from Aitken mode) to Accumulation mode due to aging:    0.0000000000000000     
 so4 transfer from Primary carbon mode (condensed H2SO4) to Accumulation mode due to aging:    0.0000000000000000     

cambox_do_run step done, istep=      48

cambox_do_run doing calcsize, istep=      49
calcsize tend = 0 for all species

cambox_do_run doing wateruptake, istep=      49

cambox_do_run doing gaschem simple, istep=      49

cambox_do_run doing cloudchem simple, istep=      49

cambox_do_run doing gasaerexch, istep=      49
 so4 transfer from Primary carbon mode (coagulated from Aitken mode) to Accumulation mode due to aging:    0.0000000000000000     
 so4 transfer from Primary carbon mode (condensed H2SO4) to Accumulation mode due to aging:    0.0000000000000000     

cambox_do_run step done, istep=      49

cambox_do_run doing calcsize, istep=      50
calcsize tend = 0 for all species

cambox_do_run doing wateruptake, istep=      50

cambox_do_run doing gaschem simple, istep=      50

cambox_do_run doing cloudchem simple, istep=      50

cambox_do_run doing gasaerexch, istep=      50
 so4 transfer from Primary carbon mode (coagulated from Aitken mode) to Accumulation mode due to aging:    0.0000000000000000     
 so4 transfer from Primary carbon mode (condensed H2SO4) to Accumulation mode due to aging:    0.0000000000000000     

cambox_do_run step done, istep=      50

cambox_do_run doing calcsize, istep=      51
calcsize tend = 0 for all species

cambox_do_run doing wateruptake, istep=      51

cambox_do_run doing gaschem simple, istep=      51

cambox_do_run doing cloudchem simple, istep=      51

cambox_do_run doing gasaerexch, istep=      51
 so4 transfer from Primary carbon mode (coagulated from Aitken mode) to Accumulation mode due to aging:    0.0000000000000000     
 so4 transfer from Primary carbon mode (condensed H2SO4) to Accumulation mode due to aging:    0.0000000000000000     

cambox_do_run step done, istep=      51

cambox_do_run doing calcsize, istep=      52
calcsize tend = 0 for all species

cambox_do_run doing wateruptake, istep=      52

cambox_do_run doing gaschem simple, istep=      52

cambox_do_run doing cloudchem simple, istep=      52

cambox_do_run doing gasaerexch, istep=      52
 so4 transfer from Primary carbon mode (coagulated from Aitken mode) to Accumulation mode due to aging:    0.0000000000000000     
 so4 transfer from Primary carbon mode (condensed H2SO4) to Accumulation mode due to aging:    0.0000000000000000     

cambox_do_run step done, istep=      52

cambox_do_run doing calcsize, istep=      53
calcsize tend = 0 for all species

cambox_do_run doing wateruptake, istep=      53

cambox_do_run doing gaschem simple, istep=      53

cambox_do_run doing cloudchem simple, istep=      53

cambox_do_run doing gasaerexch, istep=      53
 so4 transfer from Primary carbon mode (coagulated from Aitken mode) to Accumulation mode due to aging:    0.0000000000000000     
 so4 transfer from Primary carbon mode (condensed H2SO4) to Accumulation mode due to aging:    0.0000000000000000     

cambox_do_run step done, istep=      53

cambox_do_run doing calcsize, istep=      54
calcsize tend = 0 for all species

cambox_do_run doing wateruptake, istep=      54

cambox_do_run doing gaschem simple, istep=      54

cambox_do_run doing cloudchem simple, istep=      54

cambox_do_run doing gasaerexch, istep=      54
 so4 transfer from Primary carbon mode (coagulated from Aitken mode) to Accumulation mode due to aging:    0.0000000000000000     
 so4 transfer from Primary carbon mode (condensed H2SO4) to Accumulation mode due to aging:    0.0000000000000000     

cambox_do_run step done, istep=      54

cambox_do_run doing calcsize, istep=      55
calcsize tend = 0 for all species

cambox_do_run doing wateruptake, istep=      55

cambox_do_run doing gaschem simple, istep=      55

cambox_do_run doing cloudchem simple, istep=      55

cambox_do_run doing gasaerexch, istep=      55
 so4 transfer from Primary carbon mode (coagulated from Aitken mode) to Accumulation mode due to aging:    0.0000000000000000     
 so4 transfer from Primary carbon mode (condensed H2SO4) to Accumulation mode due to aging:    0.0000000000000000     

cambox_do_run step done, istep=      55

cambox_do_run doing calcsize, istep=      56
calcsize tend = 0 for all species

cambox_do_run doing wateruptake, istep=      56

cambox_do_run doing gaschem simple, istep=      56

cambox_do_run doing cloudchem simple, istep=      56

cambox_do_run doing gasaerexch, istep=      56
 so4 transfer from Primary carbon mode (coagulated from Aitken mode) to Accumulation mode due to aging:    0.0000000000000000     
 so4 transfer from Primary carbon mode (condensed H2SO4) to Accumulation mode due to aging:    0.0000000000000000     

cambox_do_run step done, istep=      56

cambox_do_run doing calcsize, istep=      57
calcsize tend = 0 for all species

cambox_do_run doing wateruptake, istep=      57

cambox_do_run doing gaschem simple, istep=      57

cambox_do_run doing cloudchem simple, istep=      57

cambox_do_run doing gasaerexch, istep=      57
 so4 transfer from Primary carbon mode (coagulated from Aitken mode) to Accumulation mode due to aging:    0.0000000000000000     
 so4 transfer from Primary carbon mode (condensed H2SO4) to Accumulation mode due to aging:    0.0000000000000000     

cambox_do_run step done, istep=      57

cambox_do_run doing calcsize, istep=      58
calcsize tend = 0 for all species

cambox_do_run doing wateruptake, istep=      58

cambox_do_run doing gaschem simple, istep=      58

cambox_do_run doing cloudchem simple, istep=      58

cambox_do_run doing gasaerexch, istep=      58
 so4 transfer from Primary carbon mode (coagulated from Aitken mode) to Accumulation mode due to aging:    0.0000000000000000     
 so4 transfer from Primary carbon mode (condensed H2SO4) to Accumulation mode due to aging:    0.0000000000000000     

cambox_do_run step done, istep=      58

cambox_do_run doing calcsize, istep=      59
calcsize tend = 0 for all species

cambox_do_run doing wateruptake, istep=      59

cambox_do_run doing gaschem simple, istep=      59

cambox_do_run doing cloudchem simple, istep=      59

cambox_do_run doing gasaerexch, istep=      59
 so4 transfer from Primary carbon mode (coagulated from Aitken mode) to Accumulation mode due to aging:    0.0000000000000000     
 so4 transfer from Primary carbon mode (condensed H2SO4) to Accumulation mode due to aging:    0.0000000000000000     

cambox_do_run step done, istep=      59

cambox_do_run doing calcsize, istep=      60
calcsize tend = 0 for all species

cambox_do_run doing wateruptake, istep=      60

cambox_do_run doing gaschem simple, istep=      60

cambox_do_run doing cloudchem simple, istep=      60

cambox_do_run doing gasaerexch, istep=      60
 so4 transfer from Primary carbon mode (coagulated from Aitken mode) to Accumulation mode due to aging:    0.0000000000000000     
 so4 transfer from Primary carbon mode (condensed H2SO4) to Accumulation mode due to aging:    0.0000000000000000     

cambox_do_run step done, istep=      60
