2025-12-11 00:46:57,656 - ace - WARNING - Simulation failed. {"regular":["Not a valid string."]}, Status code: 400
2025-12-11 00:46:57,906 - ace - WARNING - Simulation failed. {"regular":["Not a valid string."]}, Status code: 400
2025-12-11 00:46:58,150 - ace - WARNING - Simulation failed. {"regular":["Not a valid string."]}, Status code: 400
2025-12-11 00:46:58,453 - ace - WARNING - Simulation failed. {"regular":["Not a valid string."]}, Status code: 400
2025-12-11 00:46:58,694 - ace - WARNING - Simulation failed. {"regular":["Not a valid string."]}, Status code: 400
2025-12-11 01:40:18,201 - ace - WARNING - Simulation failed. {"settings":{"decay":["This field is required."],"neutralization":["This field is required."],"truncation":["This field is required."],"lookbackDays":["This field is required."],"maxTrade":["Max Trade option must be ON for region ASI"],"language":["This field is required."],"visualization":["This field is required."]}}, Status code: 400
2025-12-11 01:40:28,450 - ace - WARNING - Simulation failed. {"settings":{"decay":["This field is required."],"neutralization":["This field is required."],"truncation":["This field is required."],"lookbackDays":["This field is required."],"language":["This field is required."],"visualization":["This field is required."]}}, Status code: 400
2025-12-11 01:40:34,688 - ace - WARNING - Simulation failed. {"settings":{"decay":["This field is required."],"neutralization":["This field is required."],"truncation":["This field is required."],"lookbackDays":["This field is required."],"language":["This field is required."],"visualization":["This field is required."]}}, Status code: 400
2025-12-11 01:46:39,292 - ace - WARNING - Simulation failed. {"settings":{"decay":["This field is required."],"neutralization":["This field is required."],"truncation":["This field is required."],"lookbackDays":["This field is required."],"language":["This field is required."],"visualization":["This field is required."]}}, Status code: 400
2025-12-11 01:46:41,992 - ace - WARNING - Simulation failed. {"settings":{"decay":["This field is required."],"neutralization":["This field is required."],"truncation":["This field is required."],"lookbackDays":["This field is required."],"language":["This field is required."],"visualization":["This field is required."]}}, Status code: 400
2025-12-11 01:46:43,606 - ace - WARNING - Simulation failed. {"settings":{"decay":["This field is required."],"neutralization":["This field is required."],"truncation":["This field is required."],"lookbackDays":["This field is required."],"language":["This field is required."],"visualization":["This field is required."]}}, Status code: 400
2025-12-11 01:59:14,592 - ace - WARNING - Simulation failed. {"detail":"CONCURRENT_SIMULATION_LIMIT_EXCEEDED"}, Status code: 429
2025-12-11 01:59:34,822 - ace - WARNING - Simulation failed. {"detail":"CONCURRENT_SIMULATION_LIMIT_EXCEEDED"}, Status code: 429
2025-12-11 01:59:40,692 - ace - WARNING - Simulation failed. {"detail":"CONCURRENT_SIMULATION_LIMIT_EXCEEDED"}, Status code: 429
2025-12-11 01:59:41,888 - ace - WARNING - Simulation failed. {"detail":"CONCURRENT_SIMULATION_LIMIT_EXCEEDED"}, Status code: 429
2025-12-11 01:59:44,981 - ace - WARNING - Simulation failed. {"detail":"CONCURRENT_SIMULATION_LIMIT_EXCEEDED"}, Status code: 429
2025-12-11 01:59:47,658 - ace - WARNING - Simulation failed. {"settings":{"maxTrade":["Max Trade option must be ON for region ASI"]}}, Status code: 400
2025-12-11 02:03:09,965 - ace - WARNING - Simulation failed. {"detail":"CONCURRENT_SIMULATION_LIMIT_EXCEEDED"}, Status code: 429
2025-12-11 03:25:59,592 - ace - ERROR - Simulation https://api.worldquantbrain.com/simulations/npcVQghn5dk8G9a7oiB1Dg, Status code: 502, Retry
2025-12-11 03:28:39,165 - ace - ERROR - Simulation https://api.worldquantbrain.com/simulations/4a2Ghf2TW5dW8wO1bj5YkwQv, Status code: 502, Retry
