repeat  t_sim  n_part  n_coag  n_emit n_dil_in n_dil_out   n_nuc t_wall  t_rem
     1     0s     767       0       0        0         0       0     0s     0s
repeat  t_sim  n_part  n_coag  n_emit n_dil_in n_dil_out   n_nuc t_wall  t_rem
     1    60s     765      65       0        0         0       0     0s     5s
repeat  t_sim  n_part  n_coag  n_emit n_dil_in n_dil_out   n_nuc t_wall  t_rem
     1   120s     763      24       0        0         0       0     0s     3s
repeat  t_sim  n_part  n_coag  n_emit n_dil_in n_dil_out   n_nuc t_wall  t_rem
     1   180s     763      17       0        0         0       0     0s     3s
repeat  t_sim  n_part  n_coag  n_emit n_dil_in n_dil_out   n_nuc t_wall  t_rem
     1   240s     760      19       0        0         0       0     0s     2s
repeat  t_sim  n_part  n_coag  n_emit n_dil_in n_dil_out   n_nuc t_wall  t_rem
     1   300s     759      12       0        0         0       0     0s     2s
repeat  t_sim  n_part  n_coag  n_emit n_dil_in n_dil_out   n_nuc t_wall  t_rem
     1   360s     759      11       0        0         0       0     0s     2s
repeat  t_sim  n_part  n_coag  n_emit n_dil_in n_dil_out   n_nuc t_wall  t_rem
     1   420s     759      15       0        0         0       0     0s     2s
repeat  t_sim  n_part  n_coag  n_emit n_dil_in n_dil_out   n_nuc t_wall  t_rem
     1   480s     758      12       0        0         0       0     0s     2s
repeat  t_sim  n_part  n_coag  n_emit n_dil_in n_dil_out   n_nuc t_wall  t_rem
     1   540s     758      10       0        0         0       0     0s     1s
repeat  t_sim  n_part  n_coag  n_emit n_dil_in n_dil_out   n_nuc t_wall  t_rem
     1   600s     757      11       0        0         0       0     0s     1s
repeat  t_sim  n_part  n_coag  n_emit n_dil_in n_dil_out   n_nuc t_wall  t_rem
     1   660s     757      11       0        0         0       0     0s     1s
repeat  t_sim  n_part  n_coag  n_emit n_dil_in n_dil_out   n_nuc t_wall  t_rem
     1   720s     757      11       0        0         0       0     0s     1s
repeat  t_sim  n_part  n_coag  n_emit n_dil_in n_dil_out   n_nuc t_wall  t_rem
     1   780s     757      15       0        0         0       0     0s     1s
repeat  t_sim  n_part  n_coag  n_emit n_dil_in n_dil_out   n_nuc t_wall  t_rem
     1   840s     754      14       0        0         0       0     0s     1s
repeat  t_sim  n_part  n_coag  n_emit n_dil_in n_dil_out   n_nuc t_wall  t_rem
     1   900s     754      11       0        0         0       0     0s     1s
repeat  t_sim  n_part  n_coag  n_emit n_dil_in n_dil_out   n_nuc t_wall  t_rem
     1   960s     754      20       0        0         0       0     0s     1s
repeat  t_sim  n_part  n_coag  n_emit n_dil_in n_dil_out   n_nuc t_wall  t_rem
     1  1020s     754      14       0        0         0       0     0s     1s
repeat  t_sim  n_part  n_coag  n_emit n_dil_in n_dil_out   n_nuc t_wall  t_rem
     1  1080s     754      12       0        0         0       0     0s     1s
repeat  t_sim  n_part  n_coag  n_emit n_dil_in n_dil_out   n_nuc t_wall  t_rem
     1  1140s     754      10       0        0         0       0     0s     1s
repeat  t_sim  n_part  n_coag  n_emit n_dil_in n_dil_out   n_nuc t_wall  t_rem
     1  1200s     754      10       0        0         0       0     0s     1s
repeat  t_sim  n_part  n_coag  n_emit n_dil_in n_dil_out   n_nuc t_wall  t_rem
     1  1260s     753      15       0        0         0       0     0s     1s
repeat  t_sim  n_part  n_coag  n_emit n_dil_in n_dil_out   n_nuc t_wall  t_rem
     1  1320s     753      17       0        0         0       0     0s     1s
repeat  t_sim  n_part  n_coag  n_emit n_dil_in n_dil_out   n_nuc t_wall  t_rem
     1  1380s     752      14       0        0         0       0     1s     1s
repeat  t_sim  n_part  n_coag  n_emit n_dil_in n_dil_out   n_nuc t_wall  t_rem
     1  1440s     751       4       0        0         0       0     1s     1s
repeat  t_sim  n_part  n_coag  n_emit n_dil_in n_dil_out   n_nuc t_wall  t_rem
     1  1500s     750      13       0        0         0       0     1s     1s
repeat  t_sim  n_part  n_coag  n_emit n_dil_in n_dil_out   n_nuc t_wall  t_rem
     1  1560s     749      13       0        0         0       0     1s     1s
repeat  t_sim  n_part  n_coag  n_emit n_dil_in n_dil_out   n_nuc t_wall  t_rem
     1  1620s     749      12       0        0         0       0     1s     1s
repeat  t_sim  n_part  n_coag  n_emit n_dil_in n_dil_out   n_nuc t_wall  t_rem
     1  1680s     746      14       0        0         0       0     1s     1s
repeat  t_sim  n_part  n_coag  n_emit n_dil_in n_dil_out   n_nuc t_wall  t_rem
     1  1740s     746      14       0        0         0       0     1s     1s
repeat  t_sim  n_part  n_coag  n_emit n_dil_in n_dil_out   n_nuc t_wall  t_rem
     1  1800s     746      14       0        0         0       0     1s     1s
repeat  t_sim  n_part  n_coag  n_emit n_dil_in n_dil_out   n_nuc t_wall  t_rem
     1  1860s     746      10       0        0         0       0     1s     1s
repeat  t_sim  n_part  n_coag  n_emit n_dil_in n_dil_out   n_nuc t_wall  t_rem
     1  1920s     744      11       0        0         0       0     1s     1s
repeat  t_sim  n_part  n_coag  n_emit n_dil_in n_dil_out   n_nuc t_wall  t_rem
     1  1980s     744      10       0        0         0       0     1s     1s
repeat  t_sim  n_part  n_coag  n_emit n_dil_in n_dil_out   n_nuc t_wall  t_rem
     1  2040s     744      13       0        0         0       0     1s     1s
repeat  t_sim  n_part  n_coag  n_emit n_dil_in n_dil_out   n_nuc t_wall  t_rem
     1  2100s     744      13       0        0         0       0     1s     1s
repeat  t_sim  n_part  n_coag  n_emit n_dil_in n_dil_out   n_nuc t_wall  t_rem
     1  2160s     744      11       0        0         0       0     1s     0s
repeat  t_sim  n_part  n_coag  n_emit n_dil_in n_dil_out   n_nuc t_wall  t_rem
     1  2220s     744      13       0        0         0       0     1s     0s
repeat  t_sim  n_part  n_coag  n_emit n_dil_in n_dil_out   n_nuc t_wall  t_rem
     1  2280s     742      17       0        0         0       0     1s     0s
repeat  t_sim  n_part  n_coag  n_emit n_dil_in n_dil_out   n_nuc t_wall  t_rem
     1  2340s     741      11       0        0         0       0     1s     0s
repeat  t_sim  n_part  n_coag  n_emit n_dil_in n_dil_out   n_nuc t_wall  t_rem
     1  2400s     741      10       0        0         0       0     1s     0s
repeat  t_sim  n_part  n_coag  n_emit n_dil_in n_dil_out   n_nuc t_wall  t_rem
     1  2460s     740      10       0        0         0       0     1s     0s
repeat  t_sim  n_part  n_coag  n_emit n_dil_in n_dil_out   n_nuc t_wall  t_rem
     1  2520s     739       9       0        0         0       0     1s     0s
repeat  t_sim  n_part  n_coag  n_emit n_dil_in n_dil_out   n_nuc t_wall  t_rem
     1  2580s     739      12       0        0         0       0     1s     0s
repeat  t_sim  n_part  n_coag  n_emit n_dil_in n_dil_out   n_nuc t_wall  t_rem
     1  2640s     738      10       0        0         0       0     1s     0s
repeat  t_sim  n_part  n_coag  n_emit n_dil_in n_dil_out   n_nuc t_wall  t_rem
     1  2700s     738      10       0        0         0       0     1s     0s
repeat  t_sim  n_part  n_coag  n_emit n_dil_in n_dil_out   n_nuc t_wall  t_rem
     1  2760s     738       9       0        0         0       0     1s     0s
repeat  t_sim  n_part  n_coag  n_emit n_dil_in n_dil_out   n_nuc t_wall  t_rem
     1  2820s     738      13       0        0         0       0     1s     0s
repeat  t_sim  n_part  n_coag  n_emit n_dil_in n_dil_out   n_nuc t_wall  t_rem
     1  2880s     737      15       0        0         0       0     1s     0s
repeat  t_sim  n_part  n_coag  n_emit n_dil_in n_dil_out   n_nuc t_wall  t_rem
     1  2940s     736      13       0        0         0       0     1s     0s
repeat  t_sim  n_part  n_coag  n_emit n_dil_in n_dil_out   n_nuc t_wall  t_rem
     1  3000s     735      11       0        0         0       0     1s     0s
repeat  t_sim  n_part  n_coag  n_emit n_dil_in n_dil_out   n_nuc t_wall  t_rem
     1  3060s     735      14       0        0         0       0     1s     0s
repeat  t_sim  n_part  n_coag  n_emit n_dil_in n_dil_out   n_nuc t_wall  t_rem
     1  3120s     735      12       0        0         0       0     1s     0s
repeat  t_sim  n_part  n_coag  n_emit n_dil_in n_dil_out   n_nuc t_wall  t_rem
     1  3180s     735      12       0        0         0       0     1s     0s
repeat  t_sim  n_part  n_coag  n_emit n_dil_in n_dil_out   n_nuc t_wall  t_rem
     1  3240s     734       8       0        0         0       0     1s     0s
repeat  t_sim  n_part  n_coag  n_emit n_dil_in n_dil_out   n_nuc t_wall  t_rem
     1  3300s     734      12       0        0         0       0     1s     0s
repeat  t_sim  n_part  n_coag  n_emit n_dil_in n_dil_out   n_nuc t_wall  t_rem
     1  3360s     733      10       0        0         0       0     1s     0s
repeat  t_sim  n_part  n_coag  n_emit n_dil_in n_dil_out   n_nuc t_wall  t_rem
     1  3420s     733       7       0        0         0       0     1s     0s
repeat  t_sim  n_part  n_coag  n_emit n_dil_in n_dil_out   n_nuc t_wall  t_rem
     1  3480s     733      12       0        0         0       0     1s     0s
repeat  t_sim  n_part  n_coag  n_emit n_dil_in n_dil_out   n_nuc t_wall  t_rem
     1  3540s     733      21       0        0         0       0     1s     0s
repeat  t_sim  n_part  n_coag  n_emit n_dil_in n_dil_out   n_nuc t_wall  t_rem
     1  3600s     733      16       0        0         0       0     1s     0s
